app/build/intermediates/manifest_merge_blame_file/release/manifest-merger-blame-release-report.txt
1<?xml version="1.0" encoding="utf-8"?>
2<manifest xmlns:android="http://schemas.android.com/apk/res/android"
3    package="demo.tensorflow.org.customvision_sample"
4    android:versionCode="1"
5    android:versionName="1.0" >
6
7    <uses-sdk
8        android:minSdkVersion="22"
8-->src\main\AndroidManifest.xml
9        android:targetSdkVersion="28" />
9-->src\main\AndroidManifest.xml
10
11    <uses-permission android:name="android.permission.CAMERA" />
11-->src\main\AndroidManifest.xml:5:5-65
11-->src\main\AndroidManifest.xml:5:22-62
12
13    <uses-feature android:name="android.hardware.camera" />
13-->src\main\AndroidManifest.xml:7:5-60
13-->src\main\AndroidManifest.xml:7:19-57
14    <uses-feature android:name="android.hardware.camera.autofocus" />
14-->src\main\AndroidManifest.xml:8:5-70
14-->src\main\AndroidManifest.xml:8:19-67
15
16    <uses-permission android:name="android.permission.WRITE_EXTERNAL_STORAGE" />
16-->src\main\AndroidManifest.xml:10:5-81
16-->src\main\AndroidManifest.xml:10:22-78
17    <uses-permission android:name="android.permission.READ_PHONE_STATE" />
18    <uses-permission android:name="android.permission.READ_EXTERNAL_STORAGE" />
19
20    <application
20-->src\main\AndroidManifest.xml:12:5-29:19
21        android:allowBackup="true"
21-->src\main\AndroidManifest.xml:13:9-35
22        android:appComponentFactory="android.support.v4.app.CoreComponentFactory"
22-->[com.android.support:support-compat:28.0.0] AndroidManifest.xml:22:18-91
23        android:label="@string/app_name"
23-->src\main\AndroidManifest.xml:14:9-41
24        android:supportsRtl="true"
24-->src\main\AndroidManifest.xml:15:9-35
25        android:theme="@style/AppTheme" >
25-->src\main\AndroidManifest.xml:16:9-40
26        <activity android:name="proj.currency.org.recognize.SplashActivity" >
26-->src\main\AndroidManifest.xml:17:9-23:20
26-->src\main\AndroidManifest.xml:17:19-76
27            <intent-filter>
27-->src\main\AndroidManifest.xml:18:13-22:29
28                <action android:name="android.intent.action.MAIN" />
28-->src\main\AndroidManifest.xml:19:17-69
28-->src\main\AndroidManifest.xml:19:25-66
29
30                <category android:name="android.intent.category.LAUNCHER" />
30-->src\main\AndroidManifest.xml:21:17-77
30-->src\main\AndroidManifest.xml:21:27-74
31            </intent-filter>
32        </activity>
33        <activity
33-->src\main\AndroidManifest.xml:24:9-28:20
34            android:name="proj.currency.org.recognize.ClassifierActivity"
34-->src\main\AndroidManifest.xml:25:13-74
35            android:screenOrientation="portrait" >
35-->src\main\AndroidManifest.xml:26:13-49
36        </activity>
37    </application>
38
39</manifest>